Using pre-set license
Built from '2020.3/staging' branch; Version is '2020.3.20f1 (41c4e627c95f) revision 4310246'; Using compiler version '192528614'; Build Type 'Release'
OS: 'Windows 10 Home Single Language; OS build 19042.1466; Version 2009; 64bit' Language: 'es' Physical Memory: 10187 MB
BatchMode: 1, IsHumanControllingUs: 0, StartBugReporterOnCrash: 0, Is64bit: 1, IsPro: 0

COMMAND LINE ARGUMENTS:
C:\Program Files\Unity\Hub\Editor\2020.3.20f1\Editor\Unity.exe
-adb2
-batchMode
-noUpm
-name
AssetImportWorker0
-projectPath
C:/Users/dgbla/Documents/Universidad/6to Semestre/VideoJuegos/2DTaller
-logFile
Logs/AssetImportWorker0.log
-srvPort
53446
Successfully changed project path to: C:/Users/dgbla/Documents/Universidad/6to Semestre/VideoJuegos/2DTaller
C:/Users/dgbla/Documents/Universidad/6to Semestre/VideoJuegos/2DTaller
Using Asset Import Pipeline V2.
Refreshing native plugins compatible for Editor in 75.13 ms, found 3 plugins.
Preloading 0 native plugins for Editor in 0.00 ms.
Initialize engine version: 2020.3.20f1 (41c4e627c95f)
[Subsystems] Discovering subsystems at path C:/Program Files/Unity/Hub/Editor/2020.3.20f1/Editor/Data/Resources/UnitySubsystems
[Subsystems] Discovering subsystems at path C:/Users/dgbla/Documents/Universidad/6to Semestre/VideoJuegos/2DTaller/Assets
GfxDevice: creating device client; threaded=0
Direct3D:
    Version:  Direct3D 11.0 [level 11.1]
    Renderer: Radeon(TM) 540X (ID=0x699f)
    Vendor:   
    VRAM:     2028 MB
    Driver:   30.0.14023.3004
Initialize mono
Mono path[0] = 'C:/Program Files/Unity/Hub/Editor/2020.3.20f1/Editor/Data/Managed'
Mono path[1] = 'C:/Program Files/Unity/Hub/Editor/2020.3.20f1/Editor/Data/MonoBleedingEdge/lib/mono/unityjit'
Mono config path = 'C:/Program Files/Unity/Hub/Editor/2020.3.20f1/Editor/Data/MonoBleedingEdge/etc'
Using monoOptions --debugger-agent=transport=dt_socket,embedding=1,server=y,suspend=n,address=127.0.0.1:56696
Begin MonoManager ReloadAssembly
Registering precompiled unity dll's ...
Register platform support module: C:/Program Files/Unity/Hub/Editor/2020.3.20f1/Editor/Data/PlaybackEngines/WindowsStandaloneSupport/UnityEditor.WindowsStandalone.Extensions.dll
Registered in 0.003384 seconds.
Native extension for WindowsStandalone target not found
Refreshing native plugins compatible for Editor in 83.19 ms, found 3 plugins.
Preloading 0 native plugins for Editor in 0.00 ms.
Mono: successfully reloaded assembly
- Completed reload, in  5.366 seconds
Domain Reload Profiling:
	ReloadAssembly (5367ms)
		BeginReloadAssembly (113ms)
			ExecutionOrderSort (0ms)
			DisableScriptedObjects (0ms)
			BackupInstance (0ms)
			ReleaseScriptingObjects (0ms)
			CreateAndSetChildDomain (1ms)
		EndReloadAssembly (848ms)
			LoadAssemblies (110ms)
			RebuildTransferFunctionScriptingTraits (0ms)
			SetupTypeCache (268ms)
			ReleaseScriptCaches (0ms)
			RebuildScriptCaches (72ms)
			SetupLoadedEditorAssemblies (352ms)
				LogAssemblyErrors (0ms)
				InitializePlatformSupportModulesInManaged (9ms)
				SetLoadedEditorAssemblies (1ms)
				RefreshPlugins (83ms)
				BeforeProcessingInitializeOnLoad (32ms)
				ProcessInitializeOnLoadAttributes (162ms)
				ProcessInitializeOnLoadMethodAttributes (65ms)
				AfterProcessingInitializeOnLoad (0ms)
				EditorAssembliesLoaded (0ms)
			ExecutionOrderSort2 (0ms)
			AwakeInstancesAfterBackupRestoration (0ms)
Platform modules already initialized, skipping
Registering precompiled user dll's ...
Registered in 0.007650 seconds.
Begin MonoManager ReloadAssembly
Native extension for WindowsStandalone target not found
Refreshing native plugins compatible for Editor in 80.53 ms, found 3 plugins.
Preloading 0 native plugins for Editor in 0.00 ms.
Mono: successfully reloaded assembly
- Completed reload, in  2.452 seconds
Domain Reload Profiling:
	ReloadAssembly (2454ms)
		BeginReloadAssembly (480ms)
			ExecutionOrderSort (0ms)
			DisableScriptedObjects (21ms)
			BackupInstance (0ms)
			ReleaseScriptingObjects (0ms)
			CreateAndSetChildDomain (125ms)
		EndReloadAssembly (1845ms)
			LoadAssemblies (248ms)
			RebuildTransferFunctionScriptingTraits (0ms)
			SetupTypeCache (597ms)
			ReleaseScriptCaches (1ms)
			RebuildScriptCaches (84ms)
			SetupLoadedEditorAssemblies (754ms)
				LogAssemblyErrors (0ms)
				InitializePlatformSupportModulesInManaged (7ms)
				SetLoadedEditorAssemblies (0ms)
				RefreshPlugins (81ms)
				BeforeProcessingInitializeOnLoad (190ms)
				ProcessInitializeOnLoadAttributes (433ms)
				ProcessInitializeOnLoadMethodAttributes (30ms)
				AfterProcessingInitializeOnLoad (12ms)
				EditorAssembliesLoaded (0ms)
			ExecutionOrderSort2 (0ms)
			AwakeInstancesAfterBackupRestoration (13ms)
Platform modules already initialized, skipping
========================================================================
Worker process is ready to serve import requests
Launched and connected shader compiler UnityShaderCompiler.exe after 0.11 seconds
Refreshing native plugins compatible for Editor in 0.73 ms, found 3 plugins.
Preloading 0 native plugins for Editor in 0.00 ms.
Unloading 2153 Unused Serialized files (Serialized files now loaded: 0)
System memory in use before: 96.7 MB.
System memory in use after: 96.8 MB.

Unloading 25 unused Assets to reduce memory usage. Loaded Objects now: 2590.
Total: 5.688500 ms (FindLiveObjects: 0.470700 ms CreateObjectMapping: 0.154500 ms MarkObjects: 4.945200 ms  DeleteObjects: 0.115800 ms)

AssetImportParameters requested are different than current active one (requested -> active):
  custom:framework-win-MediaFoundation: 216162199b28c13a410421893ffa2e32 -> 
  custom:video-decoder-ogg-theora: a1e56fd34408186e4bbccfd4996cb3dc -> 
  custom:container-muxer-webm: aa71ff27fc2769a1b78a27578f13a17b -> 
  custom:container-demuxer-webm: 4f35f7cbe854078d1ac9338744f61a02 -> 
  custom:container-demuxer-ogg: 62fdf1f143b41e24485cea50d1cbac27 -> 
  custom:video-encoder-webm-vp8: eb34c28f22e8b96e1ab97ce403110664 -> 
  custom:video-decoder-webm-vp8: 9c59270c3fd7afecdb556c50c9e8de78 -> 
  custom:audio-decoder-ogg-vorbis: bf7c407c2cedff20999df2af8eb42d56 -> 
  custom:audio-encoder-webm-vorbis: bf7c407c2cedff20999df2af8eb42d56 -> 
========================================================================
Received Import Request.
  path: Assets/Resources/Prefabs/BigBlockTile.prefab
  artifactKey: Guid(4cfb73c1eeaa6fa498cf6046ec64e3eb) Importer(815301076,1909f56bfc062723c751e8b465ee728b)
Start importing Assets/Resources/Prefabs/BigBlockTile.prefab using Guid(4cfb73c1eeaa6fa498cf6046ec64e3eb) Importer(815301076,1909f56bfc062723c751e8b465ee728b)  -> (artifact id: '9b63e23cbb008cfd41e0772fd9afc97c') in 0.230890 seconds 
  Import took 0.237747 seconds .

========================================================================
Received Prepare
Registering precompiled user dll's ...
Registered in 0.006488 seconds.
Begin MonoManager ReloadAssembly
Native extension for WindowsStandalone target not found
Refreshing native plugins compatible for Editor in 0.81 ms, found 3 plugins.
Preloading 0 native plugins for Editor in 0.00 ms.
Mono: successfully reloaded assembly
- Completed reload, in  1.753 seconds
Domain Reload Profiling:
	ReloadAssembly (1754ms)
		BeginReloadAssembly (207ms)
			ExecutionOrderSort (0ms)
			DisableScriptedObjects (10ms)
			BackupInstance (0ms)
			ReleaseScriptingObjects (0ms)
			CreateAndSetChildDomain (68ms)
		EndReloadAssembly (1429ms)
			LoadAssemblies (179ms)
			RebuildTransferFunctionScriptingTraits (0ms)
			SetupTypeCache (488ms)
			ReleaseScriptCaches (1ms)
			RebuildScriptCaches (61ms)
			SetupLoadedEditorAssemblies (546ms)
				LogAssemblyErrors (0ms)
				InitializePlatformSupportModulesInManaged (8ms)
				SetLoadedEditorAssemblies (1ms)
				RefreshPlugins (1ms)
				BeforeProcessingInitializeOnLoad (134ms)
				ProcessInitializeOnLoadAttributes (375ms)
				ProcessInitializeOnLoadMethodAttributes (13ms)
				AfterProcessingInitializeOnLoad (14ms)
				EditorAssembliesLoaded (0ms)
			ExecutionOrderSort2 (0ms)
			AwakeInstancesAfterBackupRestoration (18ms)
Platform modules already initialized, skipping
Refreshing native plugins compatible for Editor in 0.67 ms, found 3 plugins.
Preloading 0 native plugins for Editor in 0.00 ms.
Unloading 2129 Unused Serialized files (Serialized files now loaded: 0)
System memory in use before: 97.7 MB.
System memory in use after: 97.8 MB.

Unloading 14 unused Assets to reduce memory usage. Loaded Objects now: 2599.
Total: 5.132400 ms (FindLiveObjects: 0.285700 ms CreateObjectMapping: 0.074400 ms MarkObjects: 4.741800 ms  DeleteObjects: 0.028400 ms)

AssetImportParameters requested are different than current active one (requested -> active):
  custom:framework-win-MediaFoundation: 216162199b28c13a410421893ffa2e32 -> 
  custom:video-decoder-ogg-theora: a1e56fd34408186e4bbccfd4996cb3dc -> 
  custom:container-muxer-webm: aa71ff27fc2769a1b78a27578f13a17b -> 
  custom:container-demuxer-webm: 4f35f7cbe854078d1ac9338744f61a02 -> 
  custom:container-demuxer-ogg: 62fdf1f143b41e24485cea50d1cbac27 -> 
  custom:video-encoder-webm-vp8: eb34c28f22e8b96e1ab97ce403110664 -> 
  custom:video-decoder-webm-vp8: 9c59270c3fd7afecdb556c50c9e8de78 -> 
  custom:audio-decoder-ogg-vorbis: bf7c407c2cedff20999df2af8eb42d56 -> 
  custom:audio-encoder-webm-vorbis: bf7c407c2cedff20999df2af8eb42d56 -> 
========================================================================
Received Import Request.
  Time since last request: 451.470812 seconds.
  path: Assets/Resources/Prefabs/PowerUp.prefab
  artifactKey: Guid(dc9c4f44e60a6ec4e9405af8bc446a7b) Importer(815301076,1909f56bfc062723c751e8b465ee728b)
Start importing Assets/Resources/Prefabs/PowerUp.prefab using Guid(dc9c4f44e60a6ec4e9405af8bc446a7b) Importer(815301076,1909f56bfc062723c751e8b465ee728b)  -> (artifact id: 'c60133149df19339b191d1bf6b5adba6') in 0.033733 seconds 
  Import took 0.039342 seconds .

========================================================================
Received Import Request.
  Time since last request: 55.768857 seconds.
  path: Assets/Resources/Sprites/11-Breakout-Tiles.png
  artifactKey: Guid(4a03fa77496626a40b89a5baa842872d) Importer(815301076,1909f56bfc062723c751e8b465ee728b)
Start importing Assets/Resources/Sprites/11-Breakout-Tiles.png using Guid(4a03fa77496626a40b89a5baa842872d) Importer(815301076,1909f56bfc062723c751e8b465ee728b)  -> (artifact id: 'e316453834fdb47f60fdba0150d21a49') in 0.082942 seconds 
  Import took 0.087265 seconds .

========================================================================
Received Import Request.
  Time since last request: 0.000318 seconds.
  path: Assets/Resources/Sprites/59-Breakout-Tiles.png
  artifactKey: Guid(b812a57f87ca68043837ad3d89d41be8) Importer(815301076,1909f56bfc062723c751e8b465ee728b)
Start importing Assets/Resources/Sprites/59-Breakout-Tiles.png using Guid(b812a57f87ca68043837ad3d89d41be8) Importer(815301076,1909f56bfc062723c751e8b465ee728b)  -> (artifact id: '06455e809489dfea8846f8a34ed49c40') in 0.023077 seconds 
  Import took 0.028332 seconds .

========================================================================
Received Import Request.
  Time since last request: 0.000289 seconds.
  path: Assets/Resources/Sprites/36-Breakout-Tiles.png
  artifactKey: Guid(34efb7027eb9b204b85cedce43f360e3) Importer(815301076,1909f56bfc062723c751e8b465ee728b)
Start importing Assets/Resources/Sprites/36-Breakout-Tiles.png using Guid(34efb7027eb9b204b85cedce43f360e3) Importer(815301076,1909f56bfc062723c751e8b465ee728b)  -> (artifact id: 'be6fb5c2d5cd50fdcbbb95ccab2f6278') in 0.022631 seconds 
  Import took 0.028101 seconds .

========================================================================
Received Import Request.
  Time since last request: 0.000297 seconds.
  path: Assets/Resources/Sprites/23-Breakout-Tiles.png
  artifactKey: Guid(9f36328b76ad16349afea61a59f93488) Importer(815301076,1909f56bfc062723c751e8b465ee728b)
Start importing Assets/Resources/Sprites/23-Breakout-Tiles.png using Guid(9f36328b76ad16349afea61a59f93488) Importer(815301076,1909f56bfc062723c751e8b465ee728b)  -> (artifact id: '717ba1483600f4b969f647b4b8ea44c9') in 0.024129 seconds 
  Import took 0.029938 seconds .

========================================================================
Received Import Request.
  Time since last request: 0.000326 seconds.
  path: Assets/Resources/Sprites/57-Breakout-Tiles.png
  artifactKey: Guid(b47ccfa0474e8b04fa3af8398c92912a) Importer(815301076,1909f56bfc062723c751e8b465ee728b)
Start importing Assets/Resources/Sprites/57-Breakout-Tiles.png using Guid(b47ccfa0474e8b04fa3af8398c92912a) Importer(815301076,1909f56bfc062723c751e8b465ee728b)  -> (artifact id: '58bbc51e891597fda242f01b8d2d6fab') in 0.018964 seconds 
  Import took 0.024317 seconds .

========================================================================
Received Import Request.
  Time since last request: 0.000374 seconds.
  path: Assets/Resources/Sprites/56-Breakout-Tiles.png
  artifactKey: Guid(8a5f68373eb9e5d47a0f3ef2e95b31c2) Importer(815301076,1909f56bfc062723c751e8b465ee728b)
Start importing Assets/Resources/Sprites/56-Breakout-Tiles.png using Guid(8a5f68373eb9e5d47a0f3ef2e95b31c2) Importer(815301076,1909f56bfc062723c751e8b465ee728b)  -> (artifact id: '76c622ad4007af091dfb35fa9dd7ab3c') in 0.018957 seconds 
  Import took 0.023631 seconds .

========================================================================
Received Import Request.
  Time since last request: 0.000354 seconds.
  path: Assets/Resources/Sprites/33-Breakout-Tiles.png
  artifactKey: Guid(0879723ada2e8144cb63f3b2885093d4) Importer(815301076,1909f56bfc062723c751e8b465ee728b)
Start importing Assets/Resources/Sprites/33-Breakout-Tiles.png using Guid(0879723ada2e8144cb63f3b2885093d4) Importer(815301076,1909f56bfc062723c751e8b465ee728b)  -> (artifact id: 'e2073f9ff15f83b9134dcd57795c1418') in 0.016402 seconds 
  Import took 0.021388 seconds .

========================================================================
Received Import Request.
  Time since last request: 0.000294 seconds.
  path: Assets/Resources/Sprites/49-Breakout-Tiles.png
  artifactKey: Guid(430bf9b0b3f4950479db1e6e25d5e544) Importer(815301076,1909f56bfc062723c751e8b465ee728b)
Start importing Assets/Resources/Sprites/49-Breakout-Tiles.png using Guid(430bf9b0b3f4950479db1e6e25d5e544) Importer(815301076,1909f56bfc062723c751e8b465ee728b)  -> (artifact id: '5e6649ae4466792a4420a50b856b62f8') in 0.018050 seconds 
  Import took 0.023192 seconds .

========================================================================
Received Import Request.
  Time since last request: 0.000386 seconds.
  path: Assets/Resources/Sprites/32-Breakout-Tiles.png
  artifactKey: Guid(96c62cafc37d2ed49bc27f7333a9a290) Importer(815301076,1909f56bfc062723c751e8b465ee728b)
Start importing Assets/Resources/Sprites/32-Breakout-Tiles.png using Guid(96c62cafc37d2ed49bc27f7333a9a290) Importer(815301076,1909f56bfc062723c751e8b465ee728b)  -> (artifact id: 'e9a50349a4162e36189df6337656aa5d') in 0.017391 seconds 
  Import took 0.022248 seconds .

========================================================================
Received Import Request.
  Time since last request: 0.000341 seconds.
  path: Assets/Resources/Sprites/34-Breakout-Tiles.png
  artifactKey: Guid(2e25f751580213042bde2a4fe3d9c699) Importer(815301076,1909f56bfc062723c751e8b465ee728b)
Start importing Assets/Resources/Sprites/34-Breakout-Tiles.png using Guid(2e25f751580213042bde2a4fe3d9c699) Importer(815301076,1909f56bfc062723c751e8b465ee728b)  -> (artifact id: '8020d23c9556cea438ceda7b35753f6b') in 0.016937 seconds 
  Import took 0.021959 seconds .

========================================================================
Received Import Request.
  Time since last request: 0.000375 seconds.
  path: Assets/Resources/Sprites/21-Breakout-Tiles.png
  artifactKey: Guid(c14a63c3cf1a5604a9b4e5858f4f7396) Importer(815301076,1909f56bfc062723c751e8b465ee728b)
Start importing Assets/Resources/Sprites/21-Breakout-Tiles.png using Guid(c14a63c3cf1a5604a9b4e5858f4f7396) Importer(815301076,1909f56bfc062723c751e8b465ee728b)  -> (artifact id: '5d18413a012dec0ec1f0ac6419a036a5') in 0.023067 seconds 
  Import took 0.028913 seconds .

========================================================================
Received Import Request.
  Time since last request: 0.000311 seconds.
  path: Assets/Resources/Sprites/26-Breakout-Tiles.png
  artifactKey: Guid(80342f132e2c97c4fb8d7ee273dcefc4) Importer(815301076,1909f56bfc062723c751e8b465ee728b)
Start importing Assets/Resources/Sprites/26-Breakout-Tiles.png using Guid(80342f132e2c97c4fb8d7ee273dcefc4) Importer(815301076,1909f56bfc062723c751e8b465ee728b)  -> (artifact id: '64ea994d09421dc42ca5033d86906ff5') in 0.022170 seconds 
  Import took 0.027996 seconds .

========================================================================
Received Import Request.
  Time since last request: 0.000338 seconds.
  path: Assets/Resources/Sprites/15-Breakout-Tiles.png
  artifactKey: Guid(f388c72adbc8e5e4b8c52799d3bd5bae) Importer(815301076,1909f56bfc062723c751e8b465ee728b)
Start importing Assets/Resources/Sprites/15-Breakout-Tiles.png using Guid(f388c72adbc8e5e4b8c52799d3bd5bae) Importer(815301076,1909f56bfc062723c751e8b465ee728b)  -> (artifact id: 'f3ecfdc12f00e89290ae74181e341782') in 0.019792 seconds 
  Import took 0.024809 seconds .

========================================================================
Received Import Request.
  Time since last request: 0.000299 seconds.
  path: Assets/Resources/Sprites/16-Breakout-Tiles.png
  artifactKey: Guid(2a21ac9ce6a079b4bbec2ef56a05b7b7) Importer(815301076,1909f56bfc062723c751e8b465ee728b)
Start importing Assets/Resources/Sprites/16-Breakout-Tiles.png using Guid(2a21ac9ce6a079b4bbec2ef56a05b7b7) Importer(815301076,1909f56bfc062723c751e8b465ee728b)  -> (artifact id: 'f0ebf5eb00392d290dfe2a89dd1cfec0') in 0.017913 seconds 
  Import took 0.023638 seconds .

========================================================================
Received Import Request.
  Time since last request: 0.000457 seconds.
  path: Assets/Resources/Sprites/51-Breakout-Tiles.png
  artifactKey: Guid(4059bfb2698d3ae41a4c3b3334698a46) Importer(815301076,1909f56bfc062723c751e8b465ee728b)
Start importing Assets/Resources/Sprites/51-Breakout-Tiles.png using Guid(4059bfb2698d3ae41a4c3b3334698a46) Importer(815301076,1909f56bfc062723c751e8b465ee728b)  -> (artifact id: 'fd939ccb7b7f515078cae3169fea0c8d') in 0.016411 seconds 
  Import took 0.021392 seconds .

========================================================================
Received Import Request.
  Time since last request: 0.000303 seconds.
  path: Assets/Resources/Sprites/30-Breakout-Tiles.png
  artifactKey: Guid(281573363d436d44fbf5ca1caf40bf6a) Importer(815301076,1909f56bfc062723c751e8b465ee728b)
Start importing Assets/Resources/Sprites/30-Breakout-Tiles.png using Guid(281573363d436d44fbf5ca1caf40bf6a) Importer(815301076,1909f56bfc062723c751e8b465ee728b)  -> (artifact id: 'f4e3e7ca554c6457b9c2c3d43fadc0eb') in 0.021088 seconds 
  Import took 0.026387 seconds .

========================================================================
Received Import Request.
  Time since last request: 0.000310 seconds.
  path: Assets/Resources/Sprites/28-Breakout-Tiles.png
  artifactKey: Guid(56f259b4ffd662c41bcc6eb7d949a0f0) Importer(815301076,1909f56bfc062723c751e8b465ee728b)
Start importing Assets/Resources/Sprites/28-Breakout-Tiles.png using Guid(56f259b4ffd662c41bcc6eb7d949a0f0) Importer(815301076,1909f56bfc062723c751e8b465ee728b)  -> (artifact id: 'b2fa0c999ec476d3abcc6612af5e1a56') in 0.018135 seconds 
  Import took 0.023334 seconds .

========================================================================
Received Import Request.
  Time since last request: 0.000314 seconds.
  path: Assets/Resources/Sprites/35-Breakout-Tiles.png
  artifactKey: Guid(d740b9386366f4446ae865610e721903) Importer(815301076,1909f56bfc062723c751e8b465ee728b)
Start importing Assets/Resources/Sprites/35-Breakout-Tiles.png using Guid(d740b9386366f4446ae865610e721903) Importer(815301076,1909f56bfc062723c751e8b465ee728b)  -> (artifact id: 'cf8f2950bf8539789f82ab2b75a056a6') in 0.018316 seconds 
  Import took 0.023539 seconds .

========================================================================
Received Import Request.
  Time since last request: 0.000525 seconds.
  path: Assets/Resources/Sprites/17-Breakout-Tiles.png
  artifactKey: Guid(1ae9b79920c43e744ab2406eb2b06976) Importer(815301076,1909f56bfc062723c751e8b465ee728b)
Start importing Assets/Resources/Sprites/17-Breakout-Tiles.png using Guid(1ae9b79920c43e744ab2406eb2b06976) Importer(815301076,1909f56bfc062723c751e8b465ee728b)  -> (artifact id: '20704a03c81c9b5a52870da156dba52c') in 0.016497 seconds 
  Import took 0.021663 seconds .

========================================================================
Received Import Request.
  Time since last request: 0.000287 seconds.
  path: Assets/Resources/Sprites/53-Breakout-Tiles.png
  artifactKey: Guid(2d2d1d67e3b94d943b8bbe31283cd6df) Importer(815301076,1909f56bfc062723c751e8b465ee728b)
Start importing Assets/Resources/Sprites/53-Breakout-Tiles.png using Guid(2d2d1d67e3b94d943b8bbe31283cd6df) Importer(815301076,1909f56bfc062723c751e8b465ee728b)  -> (artifact id: '1235a2726df0357d9fe72931c0ab10d6') in 0.020022 seconds 
  Import took 0.025691 seconds .

========================================================================
Received Import Request.
  Time since last request: 0.000309 seconds.
  path: Assets/Resources/Sprites/13-Breakout-Tiles.png
  artifactKey: Guid(1c1b8d602a47a864fbf40170e7298ed0) Importer(815301076,1909f56bfc062723c751e8b465ee728b)
Start importing Assets/Resources/Sprites/13-Breakout-Tiles.png using Guid(1c1b8d602a47a864fbf40170e7298ed0) Importer(815301076,1909f56bfc062723c751e8b465ee728b)  -> (artifact id: '5993e4f233b822420b06029258fad622') in 0.020311 seconds 
  Import took 0.025788 seconds .

========================================================================
Received Import Request.
  Time since last request: 0.000370 seconds.
  path: Assets/Resources/Sprites/22-Breakout-Tiles.png
  artifactKey: Guid(a8f23c05d914e8346ae3768c2d849691) Importer(815301076,1909f56bfc062723c751e8b465ee728b)
Start importing Assets/Resources/Sprites/22-Breakout-Tiles.png using Guid(a8f23c05d914e8346ae3768c2d849691) Importer(815301076,1909f56bfc062723c751e8b465ee728b)  -> (artifact id: 'e60811c35aea76aa9269dfadd7d5037f') in 0.024955 seconds 
  Import took 0.031714 seconds .

========================================================================
Received Import Request.
  Time since last request: 0.000357 seconds.
  path: Assets/Resources/Sprites/14-Breakout-Tiles.png
  artifactKey: Guid(3a927abb4ddc49048aceb1ed293b6f08) Importer(815301076,1909f56bfc062723c751e8b465ee728b)
Start importing Assets/Resources/Sprites/14-Breakout-Tiles.png using Guid(3a927abb4ddc49048aceb1ed293b6f08) Importer(815301076,1909f56bfc062723c751e8b465ee728b)  -> (artifact id: 'b78a3e006ba5287ee3513e8d1fc864a1') in 0.020403 seconds 
  Import took 0.027150 seconds .

========================================================================
Received Import Request.
  Time since last request: 0.000474 seconds.
  path: Assets/Resources/Sprites/24-Breakout-Tiles.png
  artifactKey: Guid(a6bb765f9a66f6843bb67638f4357e5d) Importer(815301076,1909f56bfc062723c751e8b465ee728b)
Start importing Assets/Resources/Sprites/24-Breakout-Tiles.png using Guid(a6bb765f9a66f6843bb67638f4357e5d) Importer(815301076,1909f56bfc062723c751e8b465ee728b)  -> (artifact id: '815d11df7ec0e77288a68cbcc724779a') in 0.020430 seconds 
  Import took 0.026321 seconds .

========================================================================
Received Import Request.
  Time since last request: 0.000354 seconds.
  path: Assets/Resources/Sprites/19-Breakout-Tiles.png
  artifactKey: Guid(a338718689e89b646a0706d088137f5c) Importer(815301076,1909f56bfc062723c751e8b465ee728b)
Start importing Assets/Resources/Sprites/19-Breakout-Tiles.png using Guid(a338718689e89b646a0706d088137f5c) Importer(815301076,1909f56bfc062723c751e8b465ee728b)  -> (artifact id: 'f0a063f189f46644caabf2c8322755c3') in 0.021590 seconds 
  Import took 0.027591 seconds .

========================================================================
Received Import Request.
  Time since last request: 0.000313 seconds.
  path: Assets/Resources/Sprites/54-Breakout-Tiles.png
  artifactKey: Guid(c757cefe9a5f00248af90418baea5bb6) Importer(815301076,1909f56bfc062723c751e8b465ee728b)
Start importing Assets/Resources/Sprites/54-Breakout-Tiles.png using Guid(c757cefe9a5f00248af90418baea5bb6) Importer(815301076,1909f56bfc062723c751e8b465ee728b)  -> (artifact id: '1024cd06d02fe9140c02ba8b57ade6bc') in 0.018837 seconds 
  Import took 0.024565 seconds .

========================================================================
Received Import Request.
  Time since last request: 0.000311 seconds.
  path: Assets/Resources/Sprites/29-Breakout-Tiles.png
  artifactKey: Guid(ea26a4842d2694e45a09a893ed652c14) Importer(815301076,1909f56bfc062723c751e8b465ee728b)
Start importing Assets/Resources/Sprites/29-Breakout-Tiles.png using Guid(ea26a4842d2694e45a09a893ed652c14) Importer(815301076,1909f56bfc062723c751e8b465ee728b)  -> (artifact id: '695846761b5b7cc44f09e2e79b6446f0') in 0.020414 seconds 
  Import took 0.026480 seconds .

========================================================================
Received Import Request.
  Time since last request: 0.000318 seconds.
  path: Assets/Resources/Sprites/60-Breakout-Tiles.png
  artifactKey: Guid(276439615718b614491b835356959365) Importer(815301076,1909f56bfc062723c751e8b465ee728b)
Start importing Assets/Resources/Sprites/60-Breakout-Tiles.png using Guid(276439615718b614491b835356959365) Importer(815301076,1909f56bfc062723c751e8b465ee728b)  -> (artifact id: 'ef6e0f0df68ee70a8cbc8d40e473de52') in 0.026614 seconds 
  Import took 0.032021 seconds .

========================================================================
Received Import Request.
  Time since last request: 0.000329 seconds.
  path: Assets/Resources/Sprites/52-Breakout-Tiles.png
  artifactKey: Guid(e1e986651d1a3ab43a5b3df060c03833) Importer(815301076,1909f56bfc062723c751e8b465ee728b)
Start importing Assets/Resources/Sprites/52-Breakout-Tiles.png using Guid(e1e986651d1a3ab43a5b3df060c03833) Importer(815301076,1909f56bfc062723c751e8b465ee728b)  -> (artifact id: 'd246bc07eec77b087339c37e905086b2') in 0.019982 seconds 
  Import took 0.026405 seconds .

========================================================================
Received Import Request.
  Time since last request: 0.000364 seconds.
  path: Assets/Resources/Sprites/25-Breakout-Tiles.png
  artifactKey: Guid(5e18b92303471494cadfb5a1fea445ea) Importer(815301076,1909f56bfc062723c751e8b465ee728b)
Start importing Assets/Resources/Sprites/25-Breakout-Tiles.png using Guid(5e18b92303471494cadfb5a1fea445ea) Importer(815301076,1909f56bfc062723c751e8b465ee728b)  -> (artifact id: '825d8e2b814d86fd587ea65772933a61') in 0.017815 seconds 
  Import took 0.024143 seconds .

========================================================================
Received Import Request.
  Time since last request: 0.000364 seconds.
  path: Assets/Resources/Sprites/18-Breakout-Tiles.png
  artifactKey: Guid(23aa05fa7ac7b5f4d8be0f462a6d2889) Importer(815301076,1909f56bfc062723c751e8b465ee728b)
Start importing Assets/Resources/Sprites/18-Breakout-Tiles.png using Guid(23aa05fa7ac7b5f4d8be0f462a6d2889) Importer(815301076,1909f56bfc062723c751e8b465ee728b)  -> (artifact id: '58edf6cbe304a0d2b2ea0190b92e9e1f') in 0.018098 seconds 
  Import took 0.023274 seconds .

========================================================================
Received Import Request.
  Time since last request: 0.000354 seconds.
  path: Assets/Resources/Sprites/55-Breakout-Tiles.png
  artifactKey: Guid(e5b7201460550404cad826b33ed5a129) Importer(815301076,1909f56bfc062723c751e8b465ee728b)
Start importing Assets/Resources/Sprites/55-Breakout-Tiles.png using Guid(e5b7201460550404cad826b33ed5a129) Importer(815301076,1909f56bfc062723c751e8b465ee728b)  -> (artifact id: '0d351e4988efa9742c2ecaa02d375ba9') in 0.017942 seconds 
  Import took 0.023237 seconds .

========================================================================
Received Import Request.
  Time since last request: 0.000327 seconds.
  path: Assets/Resources/Sprites/61-Breakout-Tiles.png
  artifactKey: Guid(658a1fa84bb72cb44b718324807b3303) Importer(815301076,1909f56bfc062723c751e8b465ee728b)
Start importing Assets/Resources/Sprites/61-Breakout-Tiles.png using Guid(658a1fa84bb72cb44b718324807b3303) Importer(815301076,1909f56bfc062723c751e8b465ee728b)  -> (artifact id: '9f8f49036b980e728b1bd04cb1ef2025') in 0.024838 seconds 
  Import took 0.031134 seconds .

========================================================================
Received Import Request.
  Time since last request: 0.000350 seconds.
  path: Assets/Resources/Sprites/12-Breakout-Tiles.png
  artifactKey: Guid(fdb5111bd67f75a4cbf75c8ef0548c54) Importer(815301076,1909f56bfc062723c751e8b465ee728b)
Start importing Assets/Resources/Sprites/12-Breakout-Tiles.png using Guid(fdb5111bd67f75a4cbf75c8ef0548c54) Importer(815301076,1909f56bfc062723c751e8b465ee728b)  -> (artifact id: 'e31846978148068270b389ce9a237ffc') in 0.021091 seconds 
  Import took 0.027798 seconds .

========================================================================
Received Import Request.
  Time since last request: 0.000402 seconds.
  path: Assets/Resources/Sprites/20-Breakout-Tiles.png
  artifactKey: Guid(89c394f7008ce6e4fb44d807a481f62c) Importer(815301076,1909f56bfc062723c751e8b465ee728b)
Start importing Assets/Resources/Sprites/20-Breakout-Tiles.png using Guid(89c394f7008ce6e4fb44d807a481f62c) Importer(815301076,1909f56bfc062723c751e8b465ee728b)  -> (artifact id: 'f0e94400a92c9aec7dd26fd84ca161f5') in 0.020444 seconds 
  Import took 0.026074 seconds .

========================================================================
Received Import Request.
  Time since last request: 0.000327 seconds.
  path: Assets/Resources/Sprites/50-Breakout-Tiles.png
  artifactKey: Guid(d13d15f65b7bdb44d86e2e78546a6ae7) Importer(815301076,1909f56bfc062723c751e8b465ee728b)
Start importing Assets/Resources/Sprites/50-Breakout-Tiles.png using Guid(d13d15f65b7bdb44d86e2e78546a6ae7) Importer(815301076,1909f56bfc062723c751e8b465ee728b)  -> (artifact id: 'c3ebefbdba618263c1f7ae2a06bb5edd') in 0.021948 seconds 
  Import took 0.028492 seconds .

========================================================================
Received Import Request.
  Time since last request: 0.000473 seconds.
  path: Assets/Resources/Sprites/58-Breakout-Tiles.png
  artifactKey: Guid(2436b7dd0f5430340bf690e602bf9c31) Importer(815301076,1909f56bfc062723c751e8b465ee728b)
Start importing Assets/Resources/Sprites/58-Breakout-Tiles.png using Guid(2436b7dd0f5430340bf690e602bf9c31) Importer(815301076,1909f56bfc062723c751e8b465ee728b)  -> (artifact id: '65072e45e63d45b33708c81083d6c82b') in 0.018701 seconds 
  Import took 0.024632 seconds .

========================================================================
Received Import Request.
  Time since last request: 0.000365 seconds.
  path: Assets/Resources/Sprites/27-Breakout-Tiles.png
  artifactKey: Guid(5850cd849bb950d4aa829b574349e079) Importer(815301076,1909f56bfc062723c751e8b465ee728b)
Start importing Assets/Resources/Sprites/27-Breakout-Tiles.png using Guid(5850cd849bb950d4aa829b574349e079) Importer(815301076,1909f56bfc062723c751e8b465ee728b)  -> (artifact id: '6ad8b81a3a91d7e7931741754883bc14') in 0.022360 seconds 
  Import took 0.028789 seconds .

========================================================================
Received Import Request.
  Time since last request: 0.000337 seconds.
  path: Assets/Resources/Sprites/37-Breakout-Tiles.png
  artifactKey: Guid(0409f8f56d0ce644d9c14aa55139edae) Importer(815301076,1909f56bfc062723c751e8b465ee728b)
Start importing Assets/Resources/Sprites/37-Breakout-Tiles.png using Guid(0409f8f56d0ce644d9c14aa55139edae) Importer(815301076,1909f56bfc062723c751e8b465ee728b)  -> (artifact id: 'f2d6048e42aa97c016e56e81c0665f2f') in 0.018085 seconds 
  Import took 0.024780 seconds .

========================================================================
Received Import Request.
  Time since last request: 0.108715 seconds.
  path: Assets/Resources/Sprites/PowerUp
  artifactKey: Guid(7105d26c987d5b34cb1492cde07617e5) Importer(815301076,1909f56bfc062723c751e8b465ee728b)
Start importing Assets/Resources/Sprites/PowerUp using Guid(7105d26c987d5b34cb1492cde07617e5) Importer(815301076,1909f56bfc062723c751e8b465ee728b)  -> (artifact id: '5a31950752f54299c982779ed47b569f') in 0.006104 seconds 
  Import took 0.011205 seconds .

========================================================================
Received Import Request.
  Time since last request: 0.085917 seconds.
  path: Assets/Resources/Sprites/PowerUp/44-Breakout-Tiles.png
  artifactKey: Guid(cc2c305c17d22a942a8dcdf68d43441a) Importer(815301076,1909f56bfc062723c751e8b465ee728b)
Start importing Assets/Resources/Sprites/PowerUp/44-Breakout-Tiles.png using Guid(cc2c305c17d22a942a8dcdf68d43441a) Importer(815301076,1909f56bfc062723c751e8b465ee728b)  -> (artifact id: 'f50e5bb4f7619156e16aabae6eb631cb') in 0.015920 seconds 
  Import took 0.020890 seconds .

========================================================================
Received Import Request.
  Time since last request: 0.000353 seconds.
  path: Assets/Resources/Sprites/PowerUp/pu_shooting.png
  artifactKey: Guid(825680413d2284a48bbb0ebaf97f56b5) Importer(815301076,1909f56bfc062723c751e8b465ee728b)
Start importing Assets/Resources/Sprites/PowerUp/pu_shooting.png using Guid(825680413d2284a48bbb0ebaf97f56b5) Importer(815301076,1909f56bfc062723c751e8b465ee728b)  -> (artifact id: 'a6482a0d46ffe9b5b4fdc6e7edcd911f') in 0.026236 seconds 
  Import took 0.030780 seconds .

========================================================================
Received Import Request.
  Time since last request: 0.000383 seconds.
  path: Assets/Resources/Sprites/PowerUp/pu_score500.png
  artifactKey: Guid(19689320ffbcad747aa7ad87ac7dc973) Importer(815301076,1909f56bfc062723c751e8b465ee728b)
Start importing Assets/Resources/Sprites/PowerUp/pu_score500.png using Guid(19689320ffbcad747aa7ad87ac7dc973) Importer(815301076,1909f56bfc062723c751e8b465ee728b)  -> (artifact id: '6b6a5682b5c1785c0d438ca04c8372e3') in 0.026145 seconds 
  Import took 0.031703 seconds .

========================================================================
Received Import Request.
  Time since last request: 0.000280 seconds.
  path: Assets/Resources/Sprites/PowerUp/pu_slow.png
  artifactKey: Guid(59f67ea41ed8ac440a6db8605071312d) Importer(815301076,1909f56bfc062723c751e8b465ee728b)
Start importing Assets/Resources/Sprites/PowerUp/pu_slow.png using Guid(59f67ea41ed8ac440a6db8605071312d) Importer(815301076,1909f56bfc062723c751e8b465ee728b)  -> (artifact id: '28d7eae3dd0b408a58c199d530328351') in 0.016296 seconds 
  Import took 0.020979 seconds .

========================================================================
Received Import Request.
  Time since last request: 0.000446 seconds.
  path: Assets/Resources/Sprites/PowerUp/pu_multiball.png
  artifactKey: Guid(af53bcb9503d9c64190867f41e1025b6) Importer(815301076,1909f56bfc062723c751e8b465ee728b)
Start importing Assets/Resources/Sprites/PowerUp/pu_multiball.png using Guid(af53bcb9503d9c64190867f41e1025b6) Importer(815301076,1909f56bfc062723c751e8b465ee728b)  -> (artifact id: '660cf813ecc9fbcfbfd22be91a267259') in 0.019124 seconds 
  Import took 0.024745 seconds .

========================================================================
Received Import Request.
  Time since last request: 0.000286 seconds.
  path: Assets/Resources/Sprites/PowerUp/pu_fast.png
  artifactKey: Guid(2b84118bc4b8d744da7f3d7169ec8c90) Importer(815301076,1909f56bfc062723c751e8b465ee728b)
Start importing Assets/Resources/Sprites/PowerUp/pu_fast.png using Guid(2b84118bc4b8d744da7f3d7169ec8c90) Importer(815301076,1909f56bfc062723c751e8b465ee728b)  -> (artifact id: '0faf0e14df95efced905d0bed0a9de68') in 0.018377 seconds 
  Import took 0.024492 seconds .

========================================================================
Received Import Request.
  Time since last request: 0.000308 seconds.
  path: Assets/Resources/Sprites/PowerUp/pu_paddlesmall.png
  artifactKey: Guid(5da1739ff18a18b45bd966cc099b219e) Importer(815301076,1909f56bfc062723c751e8b465ee728b)
Start importing Assets/Resources/Sprites/PowerUp/pu_paddlesmall.png using Guid(5da1739ff18a18b45bd966cc099b219e) Importer(815301076,1909f56bfc062723c751e8b465ee728b)  -> (artifact id: '707b5c08e2187ca732746514e1b3cea5') in 0.017525 seconds 
  Import took 0.022572 seconds .

========================================================================
Received Import Request.
  Time since last request: 0.000280 seconds.
  path: Assets/Resources/Sprites/PowerUp/45-Breakout-Tiles.png
  artifactKey: Guid(f0fda13e251c6a941a333b431da7e164) Importer(815301076,1909f56bfc062723c751e8b465ee728b)
Start importing Assets/Resources/Sprites/PowerUp/45-Breakout-Tiles.png using Guid(f0fda13e251c6a941a333b431da7e164) Importer(815301076,1909f56bfc062723c751e8b465ee728b)  -> (artifact id: '5441f76ab2d65f65823b796867b22683') in 0.016825 seconds 
  Import took 0.021609 seconds .

========================================================================
Received Import Request.
  Time since last request: 0.000323 seconds.
  path: Assets/Resources/Sprites/PowerUp/pu_paddlelarge.png
  artifactKey: Guid(7c239d0b541b3704ca23986dec7c88b5) Importer(815301076,1909f56bfc062723c751e8b465ee728b)
Start importing Assets/Resources/Sprites/PowerUp/pu_paddlelarge.png using Guid(7c239d0b541b3704ca23986dec7c88b5) Importer(815301076,1909f56bfc062723c751e8b465ee728b)  -> (artifact id: '382739dc82d91a926580e6ef24f538e8') in 0.019734 seconds 
  Import took 0.025608 seconds .

========================================================================
Received Import Request.
  Time since last request: 0.000289 seconds.
  path: Assets/Resources/Sprites/PowerUp/pu_score250.png
  artifactKey: Guid(9d10c9c3c9e6a544c938479105c14ad7) Importer(815301076,1909f56bfc062723c751e8b465ee728b)
Start importing Assets/Resources/Sprites/PowerUp/pu_score250.png using Guid(9d10c9c3c9e6a544c938479105c14ad7) Importer(815301076,1909f56bfc062723c751e8b465ee728b)  -> (artifact id: 'b3b146bdde6af5b785460d6b37449de2') in 0.018607 seconds 
  Import took 0.023960 seconds .

========================================================================
Received Import Request.
  Time since last request: 0.000433 seconds.
  path: Assets/Resources/Sprites/PowerUp/pu_score50.png
  artifactKey: Guid(ab8eecd52eb92fe478381f9f3809308f) Importer(815301076,1909f56bfc062723c751e8b465ee728b)
Start importing Assets/Resources/Sprites/PowerUp/pu_score50.png using Guid(ab8eecd52eb92fe478381f9f3809308f) Importer(815301076,1909f56bfc062723c751e8b465ee728b)  -> (artifact id: '9d872e33476edd5d3959b529a23d6c5d') in 0.021152 seconds 
  Import took 0.026209 seconds .

========================================================================
Received Import Request.
  Time since last request: 0.000323 seconds.
  path: Assets/Resources/Sprites/PowerUp/pu_score100.png
  artifactKey: Guid(b961d104fc0ce10499cbb7bbe361da13) Importer(815301076,1909f56bfc062723c751e8b465ee728b)
Start importing Assets/Resources/Sprites/PowerUp/pu_score100.png using Guid(b961d104fc0ce10499cbb7bbe361da13) Importer(815301076,1909f56bfc062723c751e8b465ee728b)  -> (artifact id: '34d8df0ed9534ca9e22c51a3fcd96374') in 0.021239 seconds 
  Import took 0.027475 seconds .

========================================================================
Received Prepare
Registering precompiled user dll's ...
Registered in 0.004967 seconds.
Begin MonoManager ReloadAssembly
Native extension for WindowsStandalone target not found
Refreshing native plugins compatible for Editor in 0.81 ms, found 3 plugins.
Preloading 0 native plugins for Editor in 0.00 ms.
Mono: successfully reloaded assembly
- Completed reload, in  2.058 seconds
Domain Reload Profiling:
	ReloadAssembly (2059ms)
		BeginReloadAssembly (186ms)
			ExecutionOrderSort (0ms)
			DisableScriptedObjects (8ms)
			BackupInstance (0ms)
			ReleaseScriptingObjects (0ms)
			CreateAndSetChildDomain (61ms)
		EndReloadAssembly (1756ms)
			LoadAssemblies (148ms)
			RebuildTransferFunctionScriptingTraits (0ms)
			SetupTypeCache (501ms)
			ReleaseScriptCaches (1ms)
			RebuildScriptCaches (72ms)
			SetupLoadedEditorAssemblies (600ms)
				LogAssemblyErrors (0ms)
				InitializePlatformSupportModulesInManaged (9ms)
				SetLoadedEditorAssemblies (1ms)
				RefreshPlugins (1ms)
				BeforeProcessingInitializeOnLoad (151ms)
				ProcessInitializeOnLoadAttributes (411ms)
				ProcessInitializeOnLoadMethodAttributes (13ms)
				AfterProcessingInitializeOnLoad (14ms)
				EditorAssembliesLoaded (0ms)
			ExecutionOrderSort2 (0ms)
			AwakeInstancesAfterBackupRestoration (18ms)
Platform modules already initialized, skipping
Refreshing native plugins compatible for Editor in 1.16 ms, found 3 plugins.
Preloading 0 native plugins for Editor in 0.00 ms.
Unloading 2129 Unused Serialized files (Serialized files now loaded: 0)
System memory in use before: 97.8 MB.
System memory in use after: 97.9 MB.

Unloading 14 unused Assets to reduce memory usage. Loaded Objects now: 2618.
Total: 6.672400 ms (FindLiveObjects: 0.458500 ms CreateObjectMapping: 0.121100 ms MarkObjects: 6.060300 ms  DeleteObjects: 0.030200 ms)

AssetImportParameters requested are different than current active one (requested -> active):
  custom:framework-win-MediaFoundation: 216162199b28c13a410421893ffa2e32 -> 
  custom:video-decoder-ogg-theora: a1e56fd34408186e4bbccfd4996cb3dc -> 
  custom:container-muxer-webm: aa71ff27fc2769a1b78a27578f13a17b -> 
  custom:container-demuxer-webm: 4f35f7cbe854078d1ac9338744f61a02 -> 
  custom:container-demuxer-ogg: 62fdf1f143b41e24485cea50d1cbac27 -> 
  custom:video-encoder-webm-vp8: eb34c28f22e8b96e1ab97ce403110664 -> 
  custom:video-decoder-webm-vp8: 9c59270c3fd7afecdb556c50c9e8de78 -> 
  custom:audio-decoder-ogg-vorbis: bf7c407c2cedff20999df2af8eb42d56 -> 
  custom:audio-encoder-webm-vorbis: bf7c407c2cedff20999df2af8eb42d56 -> 
========================================================================
Received Prepare
Registering precompiled user dll's ...
Registered in 0.010722 seconds.
Begin MonoManager ReloadAssembly
Native extension for WindowsStandalone target not found
Refreshing native plugins compatible for Editor in 0.90 ms, found 3 plugins.
Preloading 0 native plugins for Editor in 0.00 ms.
Mono: successfully reloaded assembly
- Completed reload, in  1.787 seconds
Domain Reload Profiling:
	ReloadAssembly (1788ms)
		BeginReloadAssembly (230ms)
			ExecutionOrderSort (0ms)
			DisableScriptedObjects (15ms)
			BackupInstance (0ms)
			ReleaseScriptingObjects (0ms)
			CreateAndSetChildDomain (61ms)
		EndReloadAssembly (1425ms)
			LoadAssemblies (196ms)
			RebuildTransferFunctionScriptingTraits (0ms)
			SetupTypeCache (480ms)
			ReleaseScriptCaches (1ms)
			RebuildScriptCaches (64ms)
			SetupLoadedEditorAssemblies (536ms)
				LogAssemblyErrors (0ms)
				InitializePlatformSupportModulesInManaged (12ms)
				SetLoadedEditorAssemblies (3ms)
				RefreshPlugins (1ms)
				BeforeProcessingInitializeOnLoad (149ms)
				ProcessInitializeOnLoadAttributes (351ms)
				ProcessInitializeOnLoadMethodAttributes (10ms)
				AfterProcessingInitializeOnLoad (11ms)
				EditorAssembliesLoaded (0ms)
			ExecutionOrderSort2 (0ms)
			AwakeInstancesAfterBackupRestoration (16ms)
Platform modules already initialized, skipping
Refreshing native plugins compatible for Editor in 0.81 ms, found 3 plugins.
Preloading 0 native plugins for Editor in 0.00 ms.
Unloading 2129 Unused Serialized files (Serialized files now loaded: 0)
System memory in use before: 97.8 MB.
System memory in use after: 98.0 MB.

Unloading 14 unused Assets to reduce memory usage. Loaded Objects now: 2620.
Total: 5.749800 ms (FindLiveObjects: 0.429900 ms CreateObjectMapping: 0.127600 ms MarkObjects: 5.159800 ms  DeleteObjects: 0.030500 ms)

AssetImportParameters requested are different than current active one (requested -> active):
  custom:framework-win-MediaFoundation: 216162199b28c13a410421893ffa2e32 -> 
  custom:video-decoder-ogg-theora: a1e56fd34408186e4bbccfd4996cb3dc -> 
  custom:container-muxer-webm: aa71ff27fc2769a1b78a27578f13a17b -> 
  custom:container-demuxer-webm: 4f35f7cbe854078d1ac9338744f61a02 -> 
  custom:container-demuxer-ogg: 62fdf1f143b41e24485cea50d1cbac27 -> 
  custom:video-encoder-webm-vp8: eb34c28f22e8b96e1ab97ce403110664 -> 
  custom:video-decoder-webm-vp8: 9c59270c3fd7afecdb556c50c9e8de78 -> 
  custom:audio-decoder-ogg-vorbis: bf7c407c2cedff20999df2af8eb42d56 -> 
  custom:audio-encoder-webm-vorbis: bf7c407c2cedff20999df2af8eb42d56 -> 
========================================================================
Received Prepare
Registering precompiled user dll's ...
Registered in 0.006263 seconds.
Begin MonoManager ReloadAssembly
Native extension for WindowsStandalone target not found
Refreshing native plugins compatible for Editor in 0.59 ms, found 3 plugins.
Preloading 0 native plugins for Editor in 0.00 ms.
Mono: successfully reloaded assembly
- Completed reload, in  1.665 seconds
Domain Reload Profiling:
	ReloadAssembly (1666ms)
		BeginReloadAssembly (205ms)
			ExecutionOrderSort (0ms)
			DisableScriptedObjects (8ms)
			BackupInstance (0ms)
			ReleaseScriptingObjects (0ms)
			CreateAndSetChildDomain (72ms)
		EndReloadAssembly (1345ms)
			LoadAssemblies (168ms)
			RebuildTransferFunctionScriptingTraits (0ms)
			SetupTypeCache (483ms)
			ReleaseScriptCaches (1ms)
			RebuildScriptCaches (59ms)
			SetupLoadedEditorAssemblies (499ms)
				LogAssemblyErrors (0ms)
				InitializePlatformSupportModulesInManaged (7ms)
				SetLoadedEditorAssemblies (1ms)
				RefreshPlugins (1ms)
				BeforeProcessingInitializeOnLoad (137ms)
				ProcessInitializeOnLoadAttributes (329ms)
				ProcessInitializeOnLoadMethodAttributes (9ms)
				AfterProcessingInitializeOnLoad (15ms)
				EditorAssembliesLoaded (0ms)
			ExecutionOrderSort2 (0ms)
			AwakeInstancesAfterBackupRestoration (14ms)
Platform modules already initialized, skipping
Refreshing native plugins compatible for Editor in 0.70 ms, found 3 plugins.
Preloading 0 native plugins for Editor in 0.00 ms.
Unloading 2129 Unused Serialized files (Serialized files now loaded: 0)
System memory in use before: 97.9 MB.
System memory in use after: 98.0 MB.

Unloading 14 unused Assets to reduce memory usage. Loaded Objects now: 2622.
Total: 7.848100 ms (FindLiveObjects: 0.354700 ms CreateObjectMapping: 0.117000 ms MarkObjects: 7.335000 ms  DeleteObjects: 0.038200 ms)

AssetImportParameters requested are different than current active one (requested -> active):
  custom:framework-win-MediaFoundation: 216162199b28c13a410421893ffa2e32 -> 
  custom:video-decoder-ogg-theora: a1e56fd34408186e4bbccfd4996cb3dc -> 
  custom:container-muxer-webm: aa71ff27fc2769a1b78a27578f13a17b -> 
  custom:container-demuxer-webm: 4f35f7cbe854078d1ac9338744f61a02 -> 
  custom:container-demuxer-ogg: 62fdf1f143b41e24485cea50d1cbac27 -> 
  custom:video-encoder-webm-vp8: eb34c28f22e8b96e1ab97ce403110664 -> 
  custom:video-decoder-webm-vp8: 9c59270c3fd7afecdb556c50c9e8de78 -> 
  custom:audio-decoder-ogg-vorbis: bf7c407c2cedff20999df2af8eb42d56 -> 
  custom:audio-encoder-webm-vorbis: bf7c407c2cedff20999df2af8eb42d56 -> 
========================================================================
Received Prepare
Registering precompiled user dll's ...
Registered in 0.006990 seconds.
Begin MonoManager ReloadAssembly
Native extension for WindowsStandalone target not found
Refreshing native plugins compatible for Editor in 0.75 ms, found 3 plugins.
Preloading 0 native plugins for Editor in 0.00 ms.
Mono: successfully reloaded assembly
- Completed reload, in  1.713 seconds
Domain Reload Profiling:
	ReloadAssembly (1714ms)
		BeginReloadAssembly (178ms)
			ExecutionOrderSort (0ms)
			DisableScriptedObjects (12ms)
			BackupInstance (0ms)
			ReleaseScriptingObjects (0ms)
			CreateAndSetChildDomain (54ms)
		EndReloadAssembly (1426ms)
			LoadAssemblies (168ms)
			RebuildTransferFunctionScriptingTraits (0ms)
			SetupTypeCache (500ms)
			ReleaseScriptCaches (2ms)
			RebuildScriptCaches (78ms)
			SetupLoadedEditorAssemblies (482ms)
				LogAssemblyErrors (0ms)
				InitializePlatformSupportModulesInManaged (7ms)
				SetLoadedEditorAssemblies (1ms)
				RefreshPlugins (1ms)
				BeforeProcessingInitializeOnLoad (128ms)
				ProcessInitializeOnLoadAttributes (321ms)
				ProcessInitializeOnLoadMethodAttributes (11ms)
				AfterProcessingInitializeOnLoad (12ms)
				EditorAssembliesLoaded (0ms)
			ExecutionOrderSort2 (0ms)
			AwakeInstancesAfterBackupRestoration (15ms)
Platform modules already initialized, skipping
Refreshing native plugins compatible for Editor in 0.59 ms, found 3 plugins.
Preloading 0 native plugins for Editor in 0.00 ms.
Unloading 2129 Unused Serialized files (Serialized files now loaded: 0)
System memory in use before: 97.9 MB.
System memory in use after: 98.0 MB.

Unloading 14 unused Assets to reduce memory usage. Loaded Objects now: 2624.
Total: 5.987700 ms (FindLiveObjects: 0.340600 ms CreateObjectMapping: 0.101300 ms MarkObjects: 5.515200 ms  DeleteObjects: 0.027900 ms)

AssetImportParameters requested are different than current active one (requested -> active):
  custom:framework-win-MediaFoundation: 216162199b28c13a410421893ffa2e32 -> 
  custom:video-decoder-ogg-theora: a1e56fd34408186e4bbccfd4996cb3dc -> 
  custom:container-muxer-webm: aa71ff27fc2769a1b78a27578f13a17b -> 
  custom:container-demuxer-webm: 4f35f7cbe854078d1ac9338744f61a02 -> 
  custom:container-demuxer-ogg: 62fdf1f143b41e24485cea50d1cbac27 -> 
  custom:video-encoder-webm-vp8: eb34c28f22e8b96e1ab97ce403110664 -> 
  custom:video-decoder-webm-vp8: 9c59270c3fd7afecdb556c50c9e8de78 -> 
  custom:audio-decoder-ogg-vorbis: bf7c407c2cedff20999df2af8eb42d56 -> 
  custom:audio-encoder-webm-vorbis: bf7c407c2cedff20999df2af8eb42d56 -> 
========================================================================
Received Prepare
Registering precompiled user dll's ...
Registered in 0.004898 seconds.
Begin MonoManager ReloadAssembly
Native extension for WindowsStandalone target not found
Refreshing native plugins compatible for Editor in 0.70 ms, found 3 plugins.
Preloading 0 native plugins for Editor in 0.00 ms.
Mono: successfully reloaded assembly
- Completed reload, in  1.863 seconds
Domain Reload Profiling:
	ReloadAssembly (1864ms)
		BeginReloadAssembly (222ms)
			ExecutionOrderSort (0ms)
			DisableScriptedObjects (10ms)
			BackupInstance (0ms)
			ReleaseScriptingObjects (0ms)
			CreateAndSetChildDomain (54ms)
		EndReloadAssembly (1472ms)
			LoadAssemblies (208ms)
			RebuildTransferFunctionScriptingTraits (0ms)
			SetupTypeCache (471ms)
			ReleaseScriptCaches (2ms)
			RebuildScriptCaches (69ms)
			SetupLoadedEditorAssemblies (567ms)
				LogAssemblyErrors (0ms)
				InitializePlatformSupportModulesInManaged (10ms)
				SetLoadedEditorAssemblies (1ms)
				RefreshPlugins (1ms)
				BeforeProcessingInitializeOnLoad (164ms)
				ProcessInitializeOnLoadAttributes (363ms)
				ProcessInitializeOnLoadMethodAttributes (13ms)
				AfterProcessingInitializeOnLoad (14ms)
				EditorAssembliesLoaded (0ms)
			ExecutionOrderSort2 (0ms)
			AwakeInstancesAfterBackupRestoration (17ms)
Platform modules already initialized, skipping
Refreshing native plugins compatible for Editor in 0.74 ms, found 3 plugins.
Preloading 0 native plugins for Editor in 0.00 ms.
Unloading 2129 Unused Serialized files (Serialized files now loaded: 0)
System memory in use before: 97.9 MB.
System memory in use after: 98.0 MB.

Unloading 14 unused Assets to reduce memory usage. Loaded Objects now: 2626.
Total: 4.793500 ms (FindLiveObjects: 0.322500 ms CreateObjectMapping: 0.097400 ms MarkObjects: 4.344100 ms  DeleteObjects: 0.026900 ms)

AssetImportParameters requested are different than current active one (requested -> active):
  custom:framework-win-MediaFoundation: 216162199b28c13a410421893ffa2e32 -> 
  custom:video-decoder-ogg-theora: a1e56fd34408186e4bbccfd4996cb3dc -> 
  custom:container-muxer-webm: aa71ff27fc2769a1b78a27578f13a17b -> 
  custom:container-demuxer-webm: 4f35f7cbe854078d1ac9338744f61a02 -> 
  custom:container-demuxer-ogg: 62fdf1f143b41e24485cea50d1cbac27 -> 
  custom:video-encoder-webm-vp8: eb34c28f22e8b96e1ab97ce403110664 -> 
  custom:video-decoder-webm-vp8: 9c59270c3fd7afecdb556c50c9e8de78 -> 
  custom:audio-decoder-ogg-vorbis: bf7c407c2cedff20999df2af8eb42d56 -> 
  custom:audio-encoder-webm-vorbis: bf7c407c2cedff20999df2af8eb42d56 -> 
========================================================================
Received Prepare
Registering precompiled user dll's ...
Registered in 0.007289 seconds.
Begin MonoManager ReloadAssembly
Native extension for WindowsStandalone target not found
Refreshing native plugins compatible for Editor in 0.71 ms, found 3 plugins.
Preloading 0 native plugins for Editor in 0.00 ms.
Mono: successfully reloaded assembly
- Completed reload, in  2.110 seconds
Domain Reload Profiling:
	ReloadAssembly (2111ms)
		BeginReloadAssembly (199ms)
			ExecutionOrderSort (0ms)
			DisableScriptedObjects (13ms)
			BackupInstance (0ms)
			ReleaseScriptingObjects (0ms)
			CreateAndSetChildDomain (59ms)
		EndReloadAssembly (1794ms)
			LoadAssemblies (166ms)
			RebuildTransferFunctionScriptingTraits (0ms)
			SetupTypeCache (574ms)
			ReleaseScriptCaches (2ms)
			RebuildScriptCaches (82ms)
			SetupLoadedEditorAssemblies (726ms)
				LogAssemblyErrors (0ms)
				InitializePlatformSupportModulesInManaged (9ms)
				SetLoadedEditorAssemblies (1ms)
				RefreshPlugins (1ms)
				BeforeProcessingInitializeOnLoad (177ms)
				ProcessInitializeOnLoadAttributes (496ms)
				ProcessInitializeOnLoadMethodAttributes (23ms)
				AfterProcessingInitializeOnLoad (18ms)
				EditorAssembliesLoaded (0ms)
			ExecutionOrderSort2 (0ms)
			AwakeInstancesAfterBackupRestoration (23ms)
Platform modules already initialized, skipping
Refreshing native plugins compatible for Editor in 1.01 ms, found 3 plugins.
Preloading 0 native plugins for Editor in 0.00 ms.
Unloading 2129 Unused Serialized files (Serialized files now loaded: 0)
System memory in use before: 97.9 MB.
System memory in use after: 98.0 MB.

Unloading 14 unused Assets to reduce memory usage. Loaded Objects now: 2628.
Total: 6.867900 ms (FindLiveObjects: 0.478200 ms CreateObjectMapping: 0.192500 ms MarkObjects: 6.158100 ms  DeleteObjects: 0.036400 ms)

AssetImportParameters requested are different than current active one (requested -> active):
  custom:framework-win-MediaFoundation: 216162199b28c13a410421893ffa2e32 -> 
  custom:video-decoder-ogg-theora: a1e56fd34408186e4bbccfd4996cb3dc -> 
  custom:container-muxer-webm: aa71ff27fc2769a1b78a27578f13a17b -> 
  custom:container-demuxer-webm: 4f35f7cbe854078d1ac9338744f61a02 -> 
  custom:container-demuxer-ogg: 62fdf1f143b41e24485cea50d1cbac27 -> 
  custom:video-encoder-webm-vp8: eb34c28f22e8b96e1ab97ce403110664 -> 
  custom:video-decoder-webm-vp8: 9c59270c3fd7afecdb556c50c9e8de78 -> 
  custom:audio-decoder-ogg-vorbis: bf7c407c2cedff20999df2af8eb42d56 -> 
  custom:audio-encoder-webm-vorbis: bf7c407c2cedff20999df2af8eb42d56 -> 
========================================================================
Received Prepare
Registering precompiled user dll's ...
Registered in 0.010068 seconds.
Begin MonoManager ReloadAssembly
Native extension for WindowsStandalone target not found
Refreshing native plugins compatible for Editor in 1.14 ms, found 3 plugins.
Preloading 0 native plugins for Editor in 0.00 ms.
Mono: successfully reloaded assembly
- Completed reload, in  2.335 seconds
Domain Reload Profiling:
	ReloadAssembly (2337ms)
		BeginReloadAssembly (210ms)
			ExecutionOrderSort (0ms)
			DisableScriptedObjects (17ms)
			BackupInstance (0ms)
			ReleaseScriptingObjects (0ms)
			CreateAndSetChildDomain (59ms)
		EndReloadAssembly (1987ms)
			LoadAssemblies (242ms)
			RebuildTransferFunctionScriptingTraits (0ms)
			SetupTypeCache (687ms)
			ReleaseScriptCaches (2ms)
			RebuildScriptCaches (74ms)
			SetupLoadedEditorAssemblies (693ms)
				LogAssemblyErrors (0ms)
				InitializePlatformSupportModulesInManaged (12ms)
				SetLoadedEditorAssemblies (1ms)
				RefreshPlugins (1ms)
				BeforeProcessingInitializeOnLoad (205ms)
				ProcessInitializeOnLoadAttributes (442ms)
				ProcessInitializeOnLoadMethodAttributes (15ms)
				AfterProcessingInitializeOnLoad (17ms)
				EditorAssembliesLoaded (0ms)
			ExecutionOrderSort2 (0ms)
			AwakeInstancesAfterBackupRestoration (23ms)
Platform modules already initialized, skipping
Refreshing native plugins compatible for Editor in 0.93 ms, found 3 plugins.
Preloading 0 native plugins for Editor in 0.00 ms.
Unloading 2129 Unused Serialized files (Serialized files now loaded: 0)
System memory in use before: 97.9 MB.
System memory in use after: 98.0 MB.

Unloading 14 unused Assets to reduce memory usage. Loaded Objects now: 2630.
Total: 5.760000 ms (FindLiveObjects: 0.312500 ms CreateObjectMapping: 0.087300 ms MarkObjects: 5.325300 ms  DeleteObjects: 0.032900 ms)

AssetImportParameters requested are different than current active one (requested -> active):
  custom:framework-win-MediaFoundation: 216162199b28c13a410421893ffa2e32 -> 
  custom:video-decoder-ogg-theora: a1e56fd34408186e4bbccfd4996cb3dc -> 
  custom:container-muxer-webm: aa71ff27fc2769a1b78a27578f13a17b -> 
  custom:container-demuxer-webm: 4f35f7cbe854078d1ac9338744f61a02 -> 
  custom:container-demuxer-ogg: 62fdf1f143b41e24485cea50d1cbac27 -> 
  custom:video-encoder-webm-vp8: eb34c28f22e8b96e1ab97ce403110664 -> 
  custom:video-decoder-webm-vp8: 9c59270c3fd7afecdb556c50c9e8de78 -> 
  custom:audio-decoder-ogg-vorbis: bf7c407c2cedff20999df2af8eb42d56 -> 
  custom:audio-encoder-webm-vorbis: bf7c407c2cedff20999df2af8eb42d56 -> 
========================================================================
Received Import Request.
  Time since last request: 392.604190 seconds.
  path: Assets/Resources/Prefabs/PowerUp.prefab
  artifactKey: Guid(dc9c4f44e60a6ec4e9405af8bc446a7b) Importer(815301076,1909f56bfc062723c751e8b465ee728b)
Start importing Assets/Resources/Prefabs/PowerUp.prefab using Guid(dc9c4f44e60a6ec4e9405af8bc446a7b) Importer(815301076,1909f56bfc062723c751e8b465ee728b)  -> (artifact id: '931d2c258466c3d087c4061e6694791f') in 0.051107 seconds 
  Import took 0.058086 seconds .

========================================================================
Received Prepare
Registering precompiled user dll's ...
Registered in 0.007773 seconds.
Begin MonoManager ReloadAssembly
Symbol file data-000001D7F7035030 doesn't match image C:\Users\dgbla\Documents\Universidad\6to Semestre\VideoJuegos\2DTaller\Library\ScriptAssemblies\Assembly-CSharp.dll
Symbol file LoadedFromMemory is not a mono symbol file
Native extension for WindowsStandalone target not found
Refreshing native plugins compatible for Editor in 1.43 ms, found 3 plugins.
Preloading 0 native plugins for Editor in 0.00 ms.
Mono: successfully reloaded assembly
- Completed reload, in  2.429 seconds
Domain Reload Profiling:
	ReloadAssembly (2431ms)
		BeginReloadAssembly (180ms)
			ExecutionOrderSort (0ms)
			DisableScriptedObjects (17ms)
			BackupInstance (0ms)
			ReleaseScriptingObjects (0ms)
			CreateAndSetChildDomain (50ms)
		EndReloadAssembly (2098ms)
			LoadAssemblies (207ms)
			RebuildTransferFunctionScriptingTraits (0ms)
			SetupTypeCache (643ms)
			ReleaseScriptCaches (2ms)
			RebuildScriptCaches (113ms)
			SetupLoadedEditorAssemblies (785ms)
				LogAssemblyErrors (0ms)
				InitializePlatformSupportModulesInManaged (14ms)
				SetLoadedEditorAssemblies (2ms)
				RefreshPlugins (2ms)
				BeforeProcessingInitializeOnLoad (210ms)
				ProcessInitializeOnLoadAttributes (521ms)
				ProcessInitializeOnLoadMethodAttributes (17ms)
				AfterProcessingInitializeOnLoad (20ms)
				EditorAssembliesLoaded (0ms)
			ExecutionOrderSort2 (0ms)
			AwakeInstancesAfterBackupRestoration (26ms)
Platform modules already initialized, skipping
Refreshing native plugins compatible for Editor in 0.71 ms, found 3 plugins.
Preloading 0 native plugins for Editor in 0.00 ms.
Unloading 2129 Unused Serialized files (Serialized files now loaded: 0)
System memory in use before: 97.9 MB.
System memory in use after: 98.0 MB.

Unloading 14 unused Assets to reduce memory usage. Loaded Objects now: 2632.
Total: 6.154300 ms (FindLiveObjects: 0.385200 ms CreateObjectMapping: 0.099700 ms MarkObjects: 5.636400 ms  DeleteObjects: 0.030700 ms)

AssetImportParameters requested are different than current active one (requested -> active):
  custom:framework-win-MediaFoundation: 216162199b28c13a410421893ffa2e32 -> 
  custom:video-decoder-ogg-theora: a1e56fd34408186e4bbccfd4996cb3dc -> 
  custom:container-muxer-webm: aa71ff27fc2769a1b78a27578f13a17b -> 
  custom:container-demuxer-webm: 4f35f7cbe854078d1ac9338744f61a02 -> 
  custom:container-demuxer-ogg: 62fdf1f143b41e24485cea50d1cbac27 -> 
  custom:video-encoder-webm-vp8: eb34c28f22e8b96e1ab97ce403110664 -> 
  custom:video-decoder-webm-vp8: 9c59270c3fd7afecdb556c50c9e8de78 -> 
  custom:audio-decoder-ogg-vorbis: bf7c407c2cedff20999df2af8eb42d56 -> 
  custom:audio-encoder-webm-vorbis: bf7c407c2cedff20999df2af8eb42d56 -> 
========================================================================
Received Prepare
Registering precompiled user dll's ...
Registered in 0.005264 seconds.
Begin MonoManager ReloadAssembly
Symbol file data-000001D7F7035030 doesn't match image C:\Users\dgbla\Documents\Universidad\6to Semestre\VideoJuegos\2DTaller\Library\ScriptAssemblies\Assembly-CSharp.dll
Symbol file LoadedFromMemory is not a mono symbol file
Native extension for WindowsStandalone target not found
Refreshing native plugins compatible for Editor in 0.82 ms, found 3 plugins.
Preloading 0 native plugins for Editor in 0.00 ms.
Mono: successfully reloaded assembly
- Completed reload, in  2.033 seconds
Domain Reload Profiling:
	ReloadAssembly (2034ms)
		BeginReloadAssembly (263ms)
			ExecutionOrderSort (0ms)
			DisableScriptedObjects (21ms)
			BackupInstance (0ms)
			ReleaseScriptingObjects (0ms)
			CreateAndSetChildDomain (75ms)
		EndReloadAssembly (1630ms)
			LoadAssemblies (207ms)
			RebuildTransferFunctionScriptingTraits (0ms)
			SetupTypeCache (562ms)
			ReleaseScriptCaches (1ms)
			RebuildScriptCaches (66ms)
			SetupLoadedEditorAssemblies (651ms)
				LogAssemblyErrors (0ms)
				InitializePlatformSupportModulesInManaged (8ms)
				SetLoadedEditorAssemblies (1ms)
				RefreshPlugins (1ms)
				BeforeProcessingInitializeOnLoad (203ms)
				ProcessInitializeOnLoadAttributes (417ms)
				ProcessInitializeOnLoadMethodAttributes (10ms)
				AfterProcessingInitializeOnLoad (11ms)
				EditorAssembliesLoaded (0ms)
			ExecutionOrderSort2 (0ms)
			AwakeInstancesAfterBackupRestoration (15ms)
Platform modules already initialized, skipping
Refreshing native plugins compatible for Editor in 0.71 ms, found 3 plugins.
Preloading 0 native plugins for Editor in 0.00 ms.
Unloading 2129 Unused Serialized files (Serialized files now loaded: 0)
System memory in use before: 97.9 MB.
System memory in use after: 98.0 MB.

Unloading 14 unused Assets to reduce memory usage. Loaded Objects now: 2634.
Total: 5.304400 ms (FindLiveObjects: 0.303900 ms CreateObjectMapping: 0.078800 ms MarkObjects: 4.890800 ms  DeleteObjects: 0.028900 ms)

AssetImportParameters requested are different than current active one (requested -> active):
  custom:framework-win-MediaFoundation: 216162199b28c13a410421893ffa2e32 -> 
  custom:video-decoder-ogg-theora: a1e56fd34408186e4bbccfd4996cb3dc -> 
  custom:container-muxer-webm: aa71ff27fc2769a1b78a27578f13a17b -> 
  custom:container-demuxer-webm: 4f35f7cbe854078d1ac9338744f61a02 -> 
  custom:container-demuxer-ogg: 62fdf1f143b41e24485cea50d1cbac27 -> 
  custom:video-encoder-webm-vp8: eb34c28f22e8b96e1ab97ce403110664 -> 
  custom:video-decoder-webm-vp8: 9c59270c3fd7afecdb556c50c9e8de78 -> 
  custom:audio-decoder-ogg-vorbis: bf7c407c2cedff20999df2af8eb42d56 -> 
  custom:audio-encoder-webm-vorbis: bf7c407c2cedff20999df2af8eb42d56 -> 
========================================================================
Received Prepare
Registering precompiled user dll's ...
Registered in 0.006835 seconds.
Begin MonoManager ReloadAssembly
Native extension for WindowsStandalone target not found
Refreshing native plugins compatible for Editor in 0.84 ms, found 3 plugins.
Preloading 0 native plugins for Editor in 0.00 ms.
Mono: successfully reloaded assembly
- Completed reload, in  2.172 seconds
Domain Reload Profiling:
	ReloadAssembly (2173ms)
		BeginReloadAssembly (235ms)
			ExecutionOrderSort (0ms)
			DisableScriptedObjects (13ms)
			BackupInstance (0ms)
			ReleaseScriptingObjects (0ms)
			CreateAndSetChildDomain (63ms)
		EndReloadAssembly (1810ms)
			LoadAssemblies (210ms)
			RebuildTransferFunctionScriptingTraits (0ms)
			SetupTypeCache (609ms)
			ReleaseScriptCaches (2ms)
			RebuildScriptCaches (94ms)
			SetupLoadedEditorAssemblies (670ms)
				LogAssemblyErrors (0ms)
				InitializePlatformSupportModulesInManaged (13ms)
				SetLoadedEditorAssemblies (1ms)
				RefreshPlugins (1ms)
				BeforeProcessingInitializeOnLoad (183ms)
				ProcessInitializeOnLoadAttributes (436ms)
				ProcessInitializeOnLoadMethodAttributes (16ms)
				AfterProcessingInitializeOnLoad (21ms)
				EditorAssembliesLoaded (0ms)
			ExecutionOrderSort2 (0ms)
			AwakeInstancesAfterBackupRestoration (27ms)
Platform modules already initialized, skipping
Refreshing native plugins compatible for Editor in 0.94 ms, found 3 plugins.
Preloading 0 native plugins for Editor in 0.00 ms.
Unloading 2129 Unused Serialized files (Serialized files now loaded: 0)
System memory in use before: 97.9 MB.
System memory in use after: 98.0 MB.

Unloading 14 unused Assets to reduce memory usage. Loaded Objects now: 2636.
Total: 6.037500 ms (FindLiveObjects: 0.404700 ms CreateObjectMapping: 0.104500 ms MarkObjects: 5.495200 ms  DeleteObjects: 0.030800 ms)

AssetImportParameters requested are different than current active one (requested -> active):
  custom:framework-win-MediaFoundation: 216162199b28c13a410421893ffa2e32 -> 
  custom:video-decoder-ogg-theora: a1e56fd34408186e4bbccfd4996cb3dc -> 
  custom:container-muxer-webm: aa71ff27fc2769a1b78a27578f13a17b -> 
  custom:container-demuxer-webm: 4f35f7cbe854078d1ac9338744f61a02 -> 
  custom:container-demuxer-ogg: 62fdf1f143b41e24485cea50d1cbac27 -> 
  custom:video-encoder-webm-vp8: eb34c28f22e8b96e1ab97ce403110664 -> 
  custom:video-decoder-webm-vp8: 9c59270c3fd7afecdb556c50c9e8de78 -> 
  custom:audio-decoder-ogg-vorbis: bf7c407c2cedff20999df2af8eb42d56 -> 
  custom:audio-encoder-webm-vorbis: bf7c407c2cedff20999df2af8eb42d56 -> 
========================================================================
Received Prepare
Registering precompiled user dll's ...
Registered in 0.011568 seconds.
Begin MonoManager ReloadAssembly
Native extension for WindowsStandalone target not found
Refreshing native plugins compatible for Editor in 0.80 ms, found 3 plugins.
Preloading 0 native plugins for Editor in 0.00 ms.
Mono: successfully reloaded assembly
- Completed reload, in  2.117 seconds
Domain Reload Profiling:
	ReloadAssembly (2118ms)
		BeginReloadAssembly (220ms)
			ExecutionOrderSort (0ms)
			DisableScriptedObjects (13ms)
			BackupInstance (0ms)
			ReleaseScriptingObjects (0ms)
			CreateAndSetChildDomain (64ms)
		EndReloadAssembly (1745ms)
			LoadAssemblies (209ms)
			RebuildTransferFunctionScriptingTraits (0ms)
			SetupTypeCache (585ms)
			ReleaseScriptCaches (2ms)
			RebuildScriptCaches (87ms)
			SetupLoadedEditorAssemblies (630ms)
				LogAssemblyErrors (0ms)
				InitializePlatformSupportModulesInManaged (12ms)
				SetLoadedEditorAssemblies (1ms)
				RefreshPlugins (1ms)
				BeforeProcessingInitializeOnLoad (202ms)
				ProcessInitializeOnLoadAttributes (380ms)
				ProcessInitializeOnLoadMethodAttributes (18ms)
				AfterProcessingInitializeOnLoad (16ms)
				EditorAssembliesLoaded (0ms)
			ExecutionOrderSort2 (0ms)
			AwakeInstancesAfterBackupRestoration (19ms)
Platform modules already initialized, skipping
Refreshing native plugins compatible for Editor in 0.74 ms, found 3 plugins.
Preloading 0 native plugins for Editor in 0.00 ms.
Unloading 2129 Unused Serialized files (Serialized files now loaded: 0)
System memory in use before: 97.9 MB.
System memory in use after: 98.0 MB.

Unloading 14 unused Assets to reduce memory usage. Loaded Objects now: 2638.
Total: 5.596800 ms (FindLiveObjects: 0.310200 ms CreateObjectMapping: 0.083700 ms MarkObjects: 5.168800 ms  DeleteObjects: 0.031400 ms)

AssetImportParameters requested are different than current active one (requested -> active):
  custom:framework-win-MediaFoundation: 216162199b28c13a410421893ffa2e32 -> 
  custom:video-decoder-ogg-theora: a1e56fd34408186e4bbccfd4996cb3dc -> 
  custom:container-muxer-webm: aa71ff27fc2769a1b78a27578f13a17b -> 
  custom:container-demuxer-webm: 4f35f7cbe854078d1ac9338744f61a02 -> 
  custom:container-demuxer-ogg: 62fdf1f143b41e24485cea50d1cbac27 -> 
  custom:video-encoder-webm-vp8: eb34c28f22e8b96e1ab97ce403110664 -> 
  custom:video-decoder-webm-vp8: 9c59270c3fd7afecdb556c50c9e8de78 -> 
  custom:audio-decoder-ogg-vorbis: bf7c407c2cedff20999df2af8eb42d56 -> 
  custom:audio-encoder-webm-vorbis: bf7c407c2cedff20999df2af8eb42d56 -> 
========================================================================
Received Prepare
Registering precompiled user dll's ...
Registered in 0.010421 seconds.
Begin MonoManager ReloadAssembly
Native extension for WindowsStandalone target not found
Refreshing native plugins compatible for Editor in 0.76 ms, found 3 plugins.
Preloading 0 native plugins for Editor in 0.00 ms.
Mono: successfully reloaded assembly
- Completed reload, in  1.989 seconds
Domain Reload Profiling:
	ReloadAssembly (1991ms)
		BeginReloadAssembly (290ms)
			ExecutionOrderSort (0ms)
			DisableScriptedObjects (20ms)
			BackupInstance (0ms)
			ReleaseScriptingObjects (0ms)
			CreateAndSetChildDomain (90ms)
		EndReloadAssembly (1584ms)
			LoadAssemblies (245ms)
			RebuildTransferFunctionScriptingTraits (0ms)
			SetupTypeCache (552ms)
			ReleaseScriptCaches (1ms)
			RebuildScriptCaches (75ms)
			SetupLoadedEditorAssemblies (563ms)
				LogAssemblyErrors (0ms)
				InitializePlatformSupportModulesInManaged (10ms)
				SetLoadedEditorAssemblies (1ms)
				RefreshPlugins (1ms)
				BeforeProcessingInitializeOnLoad (136ms)
				ProcessInitializeOnLoadAttributes (384ms)
				ProcessInitializeOnLoadMethodAttributes (14ms)
				AfterProcessingInitializeOnLoad (17ms)
				EditorAssembliesLoaded (0ms)
			ExecutionOrderSort2 (0ms)
			AwakeInstancesAfterBackupRestoration (22ms)
Platform modules already initialized, skipping
Refreshing native plugins compatible for Editor in 0.96 ms, found 3 plugins.
Preloading 0 native plugins for Editor in 0.00 ms.
Unloading 2129 Unused Serialized files (Serialized files now loaded: 0)
System memory in use before: 97.9 MB.
System memory in use after: 98.0 MB.

Unloading 14 unused Assets to reduce memory usage. Loaded Objects now: 2640.
Total: 4.685800 ms (FindLiveObjects: 0.292400 ms CreateObjectMapping: 0.073200 ms MarkObjects: 4.290100 ms  DeleteObjects: 0.027700 ms)

AssetImportParameters requested are different than current active one (requested -> active):
  custom:framework-win-MediaFoundation: 216162199b28c13a410421893ffa2e32 -> 
  custom:video-decoder-ogg-theora: a1e56fd34408186e4bbccfd4996cb3dc -> 
  custom:container-muxer-webm: aa71ff27fc2769a1b78a27578f13a17b -> 
  custom:container-demuxer-webm: 4f35f7cbe854078d1ac9338744f61a02 -> 
  custom:container-demuxer-ogg: 62fdf1f143b41e24485cea50d1cbac27 -> 
  custom:video-encoder-webm-vp8: eb34c28f22e8b96e1ab97ce403110664 -> 
  custom:video-decoder-webm-vp8: 9c59270c3fd7afecdb556c50c9e8de78 -> 
  custom:audio-decoder-ogg-vorbis: bf7c407c2cedff20999df2af8eb42d56 -> 
  custom:audio-encoder-webm-vorbis: bf7c407c2cedff20999df2af8eb42d56 -> 
========================================================================
Received Import Request.
  Time since last request: 273.581595 seconds.
  path: Assets/Resources/Prefabs/PowerUp.prefab
  artifactKey: Guid(dc9c4f44e60a6ec4e9405af8bc446a7b) Importer(815301076,1909f56bfc062723c751e8b465ee728b)
Start importing Assets/Resources/Prefabs/PowerUp.prefab using Guid(dc9c4f44e60a6ec4e9405af8bc446a7b) Importer(815301076,1909f56bfc062723c751e8b465ee728b)  -> (artifact id: '5b202d19435f0f0f203a2c79f202971a') in 0.060868 seconds 
  Import took 0.068317 seconds .

========================================================================
Received Prepare
Registering precompiled user dll's ...
Registered in 0.007144 seconds.
Begin MonoManager ReloadAssembly
Native extension for WindowsStandalone target not found
Refreshing native plugins compatible for Editor in 0.96 ms, found 3 plugins.
Preloading 0 native plugins for Editor in 0.00 ms.
Mono: successfully reloaded assembly
- Completed reload, in  2.080 seconds
Domain Reload Profiling:
	ReloadAssembly (2081ms)
		BeginReloadAssembly (246ms)
			ExecutionOrderSort (0ms)
			DisableScriptedObjects (11ms)
			BackupInstance (0ms)
			ReleaseScriptingObjects (0ms)
			CreateAndSetChildDomain (80ms)
		EndReloadAssembly (1702ms)
			LoadAssemblies (207ms)
			RebuildTransferFunctionScriptingTraits (0ms)
			SetupTypeCache (578ms)
			ReleaseScriptCaches (3ms)
			RebuildScriptCaches (109ms)
			SetupLoadedEditorAssemblies (610ms)
				LogAssemblyErrors (0ms)
				InitializePlatformSupportModulesInManaged (10ms)
				SetLoadedEditorAssemblies (1ms)
				RefreshPlugins (1ms)
				BeforeProcessingInitializeOnLoad (195ms)
				ProcessInitializeOnLoadAttributes (378ms)
				ProcessInitializeOnLoadMethodAttributes (11ms)
				AfterProcessingInitializeOnLoad (15ms)
				EditorAssembliesLoaded (0ms)
			ExecutionOrderSort2 (0ms)
			AwakeInstancesAfterBackupRestoration (19ms)
Platform modules already initialized, skipping
Refreshing native plugins compatible for Editor in 1.07 ms, found 3 plugins.
Preloading 0 native plugins for Editor in 0.00 ms.
Unloading 2129 Unused Serialized files (Serialized files now loaded: 0)
System memory in use before: 97.9 MB.
System memory in use after: 98.0 MB.

Unloading 14 unused Assets to reduce memory usage. Loaded Objects now: 2642.
Total: 5.575700 ms (FindLiveObjects: 0.315500 ms CreateObjectMapping: 0.086800 ms MarkObjects: 5.135800 ms  DeleteObjects: 0.035300 ms)

AssetImportParameters requested are different than current active one (requested -> active):
  custom:framework-win-MediaFoundation: 216162199b28c13a410421893ffa2e32 -> 
  custom:video-decoder-ogg-theora: a1e56fd34408186e4bbccfd4996cb3dc -> 
  custom:container-muxer-webm: aa71ff27fc2769a1b78a27578f13a17b -> 
  custom:container-demuxer-webm: 4f35f7cbe854078d1ac9338744f61a02 -> 
  custom:container-demuxer-ogg: 62fdf1f143b41e24485cea50d1cbac27 -> 
  custom:video-encoder-webm-vp8: eb34c28f22e8b96e1ab97ce403110664 -> 
  custom:video-decoder-webm-vp8: 9c59270c3fd7afecdb556c50c9e8de78 -> 
  custom:audio-decoder-ogg-vorbis: bf7c407c2cedff20999df2af8eb42d56 -> 
  custom:audio-encoder-webm-vorbis: bf7c407c2cedff20999df2af8eb42d56 -> 
========================================================================
Received Prepare
Registering precompiled user dll's ...
Registered in 0.006934 seconds.
Begin MonoManager ReloadAssembly
Native extension for WindowsStandalone target not found
Refreshing native plugins compatible for Editor in 1.01 ms, found 3 plugins.
Preloading 0 native plugins for Editor in 0.00 ms.
Mono: successfully reloaded assembly
- Completed reload, in  3.140 seconds
Domain Reload Profiling:
	ReloadAssembly (3142ms)
		BeginReloadAssembly (232ms)
			ExecutionOrderSort (0ms)
			DisableScriptedObjects (11ms)
			BackupInstance (0ms)
			ReleaseScriptingObjects (0ms)
			CreateAndSetChildDomain (63ms)
		EndReloadAssembly (2745ms)
			LoadAssemblies (251ms)
			RebuildTransferFunctionScriptingTraits (0ms)
			SetupTypeCache (756ms)
			ReleaseScriptCaches (2ms)
			RebuildScriptCaches (187ms)
			SetupLoadedEditorAssemblies (1065ms)
				LogAssemblyErrors (0ms)
				InitializePlatformSupportModulesInManaged (20ms)
				SetLoadedEditorAssemblies (1ms)
				RefreshPlugins (1ms)
				BeforeProcessingInitializeOnLoad (267ms)
				ProcessInitializeOnLoadAttributes (735ms)
				ProcessInitializeOnLoadMethodAttributes (18ms)
				AfterProcessingInitializeOnLoad (23ms)
				EditorAssembliesLoaded (0ms)
			ExecutionOrderSort2 (0ms)
			AwakeInstancesAfterBackupRestoration (28ms)
Platform modules already initialized, skipping
Refreshing native plugins compatible for Editor in 1.02 ms, found 3 plugins.
Preloading 0 native plugins for Editor in 0.00 ms.
Unloading 2129 Unused Serialized files (Serialized files now loaded: 0)
System memory in use before: 97.9 MB.
System memory in use after: 98.0 MB.

Unloading 14 unused Assets to reduce memory usage. Loaded Objects now: 2644.
Total: 6.515100 ms (FindLiveObjects: 0.357600 ms CreateObjectMapping: 0.104300 ms MarkObjects: 6.016000 ms  DeleteObjects: 0.034400 ms)

AssetImportParameters requested are different than current active one (requested -> active):
  custom:framework-win-MediaFoundation: 216162199b28c13a410421893ffa2e32 -> 
  custom:video-decoder-ogg-theora: a1e56fd34408186e4bbccfd4996cb3dc -> 
  custom:container-muxer-webm: aa71ff27fc2769a1b78a27578f13a17b -> 
  custom:container-demuxer-webm: 4f35f7cbe854078d1ac9338744f61a02 -> 
  custom:container-demuxer-ogg: 62fdf1f143b41e24485cea50d1cbac27 -> 
  custom:video-encoder-webm-vp8: eb34c28f22e8b96e1ab97ce403110664 -> 
  custom:video-decoder-webm-vp8: 9c59270c3fd7afecdb556c50c9e8de78 -> 
  custom:audio-decoder-ogg-vorbis: bf7c407c2cedff20999df2af8eb42d56 -> 
  custom:audio-encoder-webm-vorbis: bf7c407c2cedff20999df2af8eb42d56 -> 
========================================================================
Received Import Request.
  Time since last request: 30.857006 seconds.
  path: Assets/Resources/Prefabs/PowerUp.prefab
  artifactKey: Guid(dc9c4f44e60a6ec4e9405af8bc446a7b) Importer(815301076,1909f56bfc062723c751e8b465ee728b)
Start importing Assets/Resources/Prefabs/PowerUp.prefab using Guid(dc9c4f44e60a6ec4e9405af8bc446a7b) Importer(815301076,1909f56bfc062723c751e8b465ee728b)  -> (artifact id: 'ac8a756ae3befe4042744dd97634ed6a') in 0.061500 seconds 
  Import took 0.068720 seconds .

========================================================================
Received Import Request.
  Time since last request: 133.685104 seconds.
  path: Assets/Scr/Paddle.cs
  artifactKey: Guid(d3f7cd28ed1892246994154a4f9f631a) Importer(815301076,1909f56bfc062723c751e8b465ee728b)
Start importing Assets/Scr/Paddle.cs using Guid(d3f7cd28ed1892246994154a4f9f631a) Importer(815301076,1909f56bfc062723c751e8b465ee728b)  -> (artifact id: 'ec70b693391c7a09c33bff6b4122f4cc') in 0.015216 seconds 
  Import took 0.021141 seconds .

========================================================================
Received Prepare
Registering precompiled user dll's ...
Registered in 0.007237 seconds.
Begin MonoManager ReloadAssembly
Native extension for WindowsStandalone target not found
Refreshing native plugins compatible for Editor in 0.84 ms, found 3 plugins.
Preloading 0 native plugins for Editor in 0.00 ms.
Mono: successfully reloaded assembly
- Completed reload, in  1.735 seconds
Domain Reload Profiling:
	ReloadAssembly (1736ms)
		BeginReloadAssembly (199ms)
			ExecutionOrderSort (0ms)
			DisableScriptedObjects (11ms)
			BackupInstance (0ms)
			ReleaseScriptingObjects (0ms)
			CreateAndSetChildDomain (55ms)
		EndReloadAssembly (1430ms)
			LoadAssemblies (167ms)
			RebuildTransferFunctionScriptingTraits (0ms)
			SetupTypeCache (459ms)
			ReleaseScriptCaches (1ms)
			RebuildScriptCaches (75ms)
			SetupLoadedEditorAssemblies (556ms)
				LogAssemblyErrors (0ms)
				InitializePlatformSupportModulesInManaged (9ms)
				SetLoadedEditorAssemblies (1ms)
				RefreshPlugins (1ms)
				BeforeProcessingInitializeOnLoad (155ms)
				ProcessInitializeOnLoadAttributes (362ms)
				ProcessInitializeOnLoadMethodAttributes (13ms)
				AfterProcessingInitializeOnLoad (15ms)
				EditorAssembliesLoaded (0ms)
			ExecutionOrderSort2 (0ms)
			AwakeInstancesAfterBackupRestoration (16ms)
Platform modules already initialized, skipping
Refreshing native plugins compatible for Editor in 0.81 ms, found 3 plugins.
Preloading 0 native plugins for Editor in 0.00 ms.
Unloading 2129 Unused Serialized files (Serialized files now loaded: 0)
System memory in use before: 97.9 MB.
System memory in use after: 98.1 MB.

Unloading 14 unused Assets to reduce memory usage. Loaded Objects now: 2646.
Total: 6.254000 ms (FindLiveObjects: 0.468200 ms CreateObjectMapping: 0.145000 ms MarkObjects: 5.607900 ms  DeleteObjects: 0.030300 ms)

AssetImportParameters requested are different than current active one (requested -> active):
  custom:framework-win-MediaFoundation: 216162199b28c13a410421893ffa2e32 -> 
  custom:video-decoder-ogg-theora: a1e56fd34408186e4bbccfd4996cb3dc -> 
  custom:container-muxer-webm: aa71ff27fc2769a1b78a27578f13a17b -> 
  custom:container-demuxer-webm: 4f35f7cbe854078d1ac9338744f61a02 -> 
  custom:container-demuxer-ogg: 62fdf1f143b41e24485cea50d1cbac27 -> 
  custom:video-encoder-webm-vp8: eb34c28f22e8b96e1ab97ce403110664 -> 
  custom:video-decoder-webm-vp8: 9c59270c3fd7afecdb556c50c9e8de78 -> 
  custom:audio-decoder-ogg-vorbis: bf7c407c2cedff20999df2af8eb42d56 -> 
  custom:audio-encoder-webm-vorbis: bf7c407c2cedff20999df2af8eb42d56 -> 
